[web.archive.org/web/20071008034150/http_/www.specialistsmod.net/index.html]
[web.archive.org/web/20071007194802/http_/www.specialistsmod.net/files/files.html]
[web.archive.org/web/20071012023951/http_/www.specialistsmod.net/media/media.html]
[web.archive.org/web/20071012034117/http_/www.specialistsmod.net/links/links.html]
[web.archive.org/web/20071012030135/http_/www.specialistsmod.net/team/team.html]
[web.archive.org/web/20071012030130/http_/www.specialistsmod.net/about/intro.html]
[web.archive.org/web/20071011014934/http_/www.specialistsmod.net/faq/faq.html]
[web.archive.org/web/20071008062239/http_/forums.specialistsmod.net/index.html]
[web.archive.org/_static/js/bundle-playback8db8.js]
[backblue.gif]
[fade.gif]
[index.html]
[web.archive.org/_static/js/wombat9b8c.js]
[web.archive.org/web/20130722020319/http_/shared/news2.png]
[web.archive.org/_static/js/ruffle/ruffle.js]
[web.archive.org/web/20130722020319/http_/shared/media2.png]
[web.archive.org/_static/css/banner-styles52e6.css]
[web.archive.org/web/20130722020319/http_/shared/download2.png]
[web.archive.org/web/20130722020319/http_/shared/links2.png]
[web.archive.org/web/20071217020121cs_/http_/specialistsmod.net/forums/templates/subSilver/newspage.css]
[web.archive.org/web/20130722020319/http_/shared/manual2.png]
[web.archive.org/web/20130722020319/http_/shared/faq2.png]
[web.archive.org/web/20130722020319/http_/shared/forums2.png]
[web.archive.org/web/20130722020319/http_/shared/team2.png]
[web.archive.org/web/20071108061642im_/http_/www.specialistsmod.net/shared/news.png]
[web.archive.org/web/20071108061814im_/http_/www.specialistsmod.net/shared/media.png]
[web.archive.org/web/20071108061910im_/http_/www.specialistsmod.net/shared/download.png]
[web.archive.org/web/20071108060816im_/http_/www.specialistsmod.net/shared/links.png]
[web.archive.org/web/20071108061149im_/http_/www.specialistsmod.net/shared/team.png]
[web.archive.org/web/20071108060743im_/http_/www.specialistsmod.net/shared/manual.png]
[web.archive.org/web/20071108060533im_/http_/www.specialistsmod.net/shared/faq.png]
[web.archive.org/web/20071108060939im_/http_/www.specialistsmod.net/shared/forums.png]
[web.archive.org/web/20071108062030im_/http_/www.specialistsmod.net/shared/header.jpg]
[web.archive.org/web/20071108061012im_/http_/www.specialistsmod.net/shared/grunge5.jpg]
[web.archive.org/web/20071217020106im_/http_/specialistsmod.net/banner.gif]
[web.archive.org/web/20071214073450/http_/www.specialistsmod.net/hd_pics/dblstack1600.jpg]
[web.archive.org/web/20070824134504im_/http_/www.specialistsmod.net/hd_pics/dblstack_thumb.jpg]
[web.archive.org/web/20060320115050im_/http_/www.specialistsmod.net/forums/images/smiles/icon_razz.gif]
[web.archive.org/web/20071008034150/http_/www.specialistsmod.net/index.html]
[web.archive.org/web/20071108060651/http_/www.specialistsmod.net/shared/news2.png]
[web.archive.org/web/20071108060616/http_/www.specialistsmod.net/shared/links2.png]
[web.archive.org/web/20071108061803/http_/www.specialistsmod.net/shared/team2.png]
[web.archive.org/web/20071108061242/http_/www.specialistsmod.net/shared/faq2.png]
[web.archive.org/web/20070327194036/http_/www.specialistsmod.net/media/weapons2.png]
[web.archive.org/web/20070327194024/http_/www.specialistsmod.net/media/screens2.png]
[web.archive.org/web/20070327194115/http_/www.specialistsmod.net/media/characters3.png]
[web.archive.org/web/20070422143956im_/http_/www.specialistsmod.net/media/weapons.png]
[web.archive.org/web/20070422143956im_/http_/www.specialistsmod.net/media/characters.png]
[web.archive.org/web/20070422143958im_/http_/www.specialistsmod.net/media/maps.png]
[web.archive.org/web/20070422143959im_/http_/www.specialistsmod.net/media/screens.png]
[web.archive.org/web/20111118132731/http_/www.specialistsmod.net/media/videos2.html]
[web.archive.org/web/20071108140532im_/http_/www.specialistsmod.net/shared/spacer.png]
[web.archive.org/web/20071012023951/http_/www.specialistsmod.net/media/media.html]
[web.archive.org/web/20071108061102im_/http_/www.specialistsmod.net/shared/logos.png]
[web.archive.org/web/20071007194802/http_/www.specialistsmod.net/files/files.html]
[web.archive.org/web/20071008101637js_/http_/www.google-analytics.com/urchin.js]
[web.archive.org/web/20071108061740/http_/www.specialistsmod.net/shared/media2.png]
[web.archive.org/web/20071108140418/http_/www.specialistsmod.net/links/mpit.png]
[web.archive.org/web/20071108140159/http_/www.specialistsmod.net/links/tgm.png]
[web.archive.org/web/20071108140457/http_/www.specialistsmod.net/links/nupo2.png]
[web.archive.org/web/20071108140125/http_/www.specialistsmod.net/links/efrag2.png]
[web.archive.org/web/20071108140330/http_/www.specialistsmod.net/links/wave2.png]
[web.archive.org/web/20071108140547im_/http_/www.specialistsmod.net/links/pcg2.png]
[web.archive.org/web/20071108140105im_/http_/www.specialistsmod.net/links/3dz2.png]
[web.archive.org/web/20071108140512im_/http_/www.specialistsmod.net/links/holywars2.png]
[web.archive.org/web/20071108140401im_/http_/www.specialistsmod.net/links/mpit2.png]
[web.archive.org/web/20071108140314im_/http_/www.specialistsmod.net/links/nupo1.png]
[web.archive.org/web/20071108140610im_/http_/www.specialistsmod.net/links/efrag1.png]
[web.archive.org/web/20071108140140im_/http_/www.specialistsmod.net/links/wave.png]
[web.archive.org/web/20071108140255im_/http_/www.specialistsmod.net/links/tgm2.png]
[web.archive.org/web/20070930002530/http_/www.specialistsmod.net/links/specialists16xu.jpg]
[web.archive.org/web/20071012034117/http_/www.specialistsmod.net/links/links.html]
[web.archive.org/web/20071108061349/http_/www.specialistsmod.net/shared/forums2.png]
[web.archive.org/web/20071012030135/http_/www.specialistsmod.net/team/team.html]
[web.archive.org/web/20071010191118js_/http_/www.google-analytics.com/urchin.js]
[web.archive.org/web/20071108061540/http_/www.specialistsmod.net/shared/manual2.png]
[web.archive.org/web/20071108061118/http_/www.specialistsmod.net/shared/download2.png]
[web.archive.org/web/20071108061149/http_/www.specialistsmod.net/shared/team.png]
[web.archive.org/web/20071012030130/http_/www.specialistsmod.net/about/intro.html]
[web.archive.org/web/20071011014934/http_/www.specialistsmod.net/faq/faq.html]
[archive.org/includes/athena.js]
[web.archive.org/web/20071108063031im_/http_/forums.specialistsmod.net/templates/subSilver/images/cellpic2.jpg]
[web.archive.org/web/20071108135905im_/http_/forums.specialistsmod.net/templates/subSilver/images/cellpic3.gif]
[web.archive.org/web/20071108063141im_/http_/forums.specialistsmod.net/templates/subSilver/images/cellpic1.gif]
[web.archive.org/web/20071108063339cs_/http_/forums.specialistsmod.net/templates/subSilver/formIE.css]
[web.archive.org/_static/images/toolbar/wm_tb_nxt_on.png]
[web.archive.org/_static/images/toolbar/wm_tb_prv_on.png]
[web.archive.org/_static/images/loading.gif]
[web.archive.org/_static/images/toolbar/wayback-toolbar-logo-200.png]
[web.archive.org/web/20071108062938im_/http_/forums.specialistsmod.net/templates/subSilver/images/logo_phpBB.gif]
[web.archive.org/web/20071108063240im_/http_/forums.specialistsmod.net/templates/subSilver/images/icon_mini_faq.gif]
[web.archive.org/web/20071108063107im_/http_/forums.specialistsmod.net/templates/subSilver/images/icon_mini_search.gif]
[web.archive.org/web/20071108063011im_/http_/forums.specialistsmod.net/templates/subSilver/images/icon_mini_members.gif]
[web.archive.org/web/20071108062922im_/http_/forums.specialistsmod.net/templates/subSilver/images/icon_mini_groups.gif]
[web.archive.org/web/20071108063300im_/http_/forums.specialistsmod.net/templates/subSilver/images/icon_mini_register.gif]
[web.archive.org/web/20071108063041im_/http_/forums.specialistsmod.net/templates/subSilver/images/icon_mini_profile.gif]
[web.archive.org/web/20071108063229im_/http_/forums.specialistsmod.net/templates/subSilver/images/icon_mini_message.gif]
[web.archive.org/web/20071108062907im_/http_/forums.specialistsmod.net/templates/subSilver/images/icon_mini_login.gif]
[web.archive.org/web/20071108062822im_/http_/forums.specialistsmod.net/templates/subSilver/images/folder_big.gif]
[web.archive.org/web/20071008062239/http_/forums.specialistsmod.net/viewtopic4100.php]
[web.archive.org/web/20071108062853im_/http_/forums.specialistsmod.net/templates/subSilver/images/icon_latest_reply.gif]
[web.archive.org/web/20071008062239/http_/forums.specialistsmod.net/viewtopic1834.php]
[web.archive.org/web/20071008062239/http_/forums.specialistsmod.net/viewtopicca94.php]
[web.archive.org/web/20071008062239/http_/forums.specialistsmod.net/viewtopic9509.php]
[web.archive.org/web/20071008062239/http_/forums.specialistsmod.net/viewtopic54c4.php]
[web.archive.org/web/20071008062239/http_/forums.specialistsmod.net/profile0f5d.php]
[web.archive.org/web/20071008062239/http_/forums.specialistsmod.net/viewtopicfdb3.php]
[web.archive.org/web/20071008062239/http_/forums.specialistsmod.net/profile1a3f.php]
[web.archive.org/web/20071008062239/http_/forums.specialistsmod.net/viewtopic6a65.php]
[web.archive.org/web/20071008062239/http_/forums.specialistsmod.net/viewtopic8b57.php]
[web.archive.org/web/20071008062239/http_/forums.specialistsmod.net/viewtopic71f9.php]
[web.archive.org/web/20071008062239/http_/forums.specialistsmod.net/profile8859.php]
[web.archive.org/web/20071008062239/http_/forums.specialistsmod.net/viewtopic840b.php]
[web.archive.org/web/20071008062239/http_/forums.specialistsmod.net/viewtopicfc2d.php]
[web.archive.org/web/20071108062953im_/http_/forums.specialistsmod.net/templates/subSilver/images/folder_locked_big.gif]
[web.archive.org/web/20071108062836im_/http_/forums.specialistsmod.net/templates/subSilver/images/whosonline.gif]
[web.archive.org/web/20071008062239/http_/forums.specialistsmod.net/profile72d8.php]
[web.archive.org/web/20071108063317im_/http_/forums.specialistsmod.net/templates/subSilver/images/folder_new_big.gif]
[web.archive.org/web/20071108063216im_/http_/forums.specialistsmod.net/images/abq_mod/admin/abq-button.gif]
[web.archive.org/web/20071008062239/http_/forums.specialistsmod.net/index.html]
[web.archive.org/_static/css/banner-styles52e6.css]
[web.archive.org/_static/css/iconochive29a7.css]
[web.archive.org/_static/css/record.css]
[web.archive.org/web/20071217020121cs_/http_/specialistsmod.net/forums/templates/subSilver/newspage.css]
[web.archive.org/web/20130722020319/http_/shared/news2.html]
[web.archive.org/web/20130722020319/http_/shared/media2.html]
[web.archive.org/web/20130722020319/http_/shared/download2.html]
[web.archive.org/web/20130722020319/http_/shared/links2.html]
[web.archive.org/web/20130722020319/http_/shared/manual2.html]
[web.archive.org/web/20130722020319/http_/shared/faq2.html]
[web.archive.org/web/20130722020319/http_/shared/forums2.html]
[web.archive.org/web/20130722020319/http_/shared/team2.html]
[web.archive.org/web/20071008034150/http_/www.specialistsmod.net/index3133.html]
[web.archive.org/web/20071008034150/http_/www.specialistsmod.net/indexd00b.html]
[web.archive.org/web/20071008034150/http_/www.specialistsmod.net/indexbb3b.html]
[web.archive.org/web/20071008034150/http_/www.specialistsmod.net/screen_pics/upd_24_1.jpg]
[web.archive.org/web/20071008034150/http_/www.specialistsmod.net/screen_pics/upd_24_2.jpg]
[web.archive.org/web/20071008034150/http_/www.specialistsmod.net/screen_pics/upd_24_4.jpg]
[web.archive.org/web/20071008034150/http_/www.specialistsmod.net/screen_pics/upd_24_5.jpg]
[web.archive.org/web/20071008034150/http_/www.specialistsmod.net/screen_pics/upd_24_6.jpg]
[web.archive.org/web/20111118132731/http_/www.specialistsmod.net/media/videos2.html]
[web.archive.org/web/20111118132731fw_/http_/www.specialistsmod.net/media/videos2.html]
[archive.org/includes/athena.js]
[athena.archive.org/0.gif]
[web.archive.org/web/20071108063339cs_/http_/forums.specialistsmod.net/templates/subSilver/formIE.css]
[web.archive.org/web/20071008062239/http_/forums.specialistsmod.net/viewtopic4100.html]
[web.archive.org/web/20071008062239/http_/forums.specialistsmod.net/viewtopic1834.html]
[web.archive.org/web/20071008062239/http_/forums.specialistsmod.net/viewtopicca94.html]
[web.archive.org/web/20071008062239/http_/forums.specialistsmod.net/viewtopic9509.html]
[web.archive.org/web/20071008062239/http_/forums.specialistsmod.net/viewtopic54c4.html]
[web.archive.org/web/20071008062239/http_/forums.specialistsmod.net/profile0f5d.html]
[web.archive.org/web/20071008062239/http_/forums.specialistsmod.net/viewtopicfdb3.html]
[web.archive.org/web/20071008062239/http_/forums.specialistsmod.net/profile1a3f.html]
[web.archive.org/web/20071008062239/http_/forums.specialistsmod.net/viewtopic6a65.html]
[web.archive.org/web/20071008062239/http_/forums.specialistsmod.net/viewtopic8b57.html]
[web.archive.org/web/20071008062239/http_/forums.specialistsmod.net/viewtopic71f9.html]
[web.archive.org/web/20071008062239/http_/forums.specialistsmod.net/profile8859.html]
[web.archive.org/web/20071008062239/http_/forums.specialistsmod.net/viewtopic840b.html]
[web.archive.org/web/20071008062239/http_/forums.specialistsmod.net/viewtopicfc2d.html]
[web.archive.org/web/20071008062239/http_/forums.specialistsmod.net/profile72d8.html]
[web.archive.org/_static/css/record.css]
[web.archive.org/web/20071008034150/http_/www.specialistsmod.net/forums/viewtopic3de2.php]
[web.archive.org/web/20071008034150/http_/www.specialistsmod.net/forums/profile42c6.php]
[web.archive.org/web/20071008034150/http_/www.specialistsmod.net/screen_pics/upd_24_1.jpg]
[web.archive.org/web/20071008034150im_/http_/www.specialistsmod.net/screen_pics/thumb_upd_24_1.jpg]
[web.archive.org/web/20071008034150/http_/www.specialistsmod.net/screen_pics/upd_24_2.jpg]
[web.archive.org/web/20071008034150im_/http_/www.specialistsmod.net/screen_pics/thumb_upd_24_2.jpg]
[web.archive.org/web/20071008034150/http_/www.specialistsmod.net/screen_pics/upd_24_4.jpg]
[web.archive.org/web/20071008034150im_/http_/www.specialistsmod.net/screen_pics/thumb_upd_24_4.jpg]
[web.archive.org/web/20071008034150/http_/www.specialistsmod.net/screen_pics/upd_24_5.jpg]
[web.archive.org/web/20071008034150im_/http_/www.specialistsmod.net/screen_pics/thumb_upd_24_5.jpg]
[web.archive.org/web/20071008034150/http_/www.specialistsmod.net/screen_pics/upd_24_6.jpg]
[web.archive.org/web/20071008034150im_/http_/www.specialistsmod.net/screen_pics/thumb_upd_24_6.jpg]
[web.archive.org/web/20071008034150/http_/www.specialistsmod.net/forums/viewtopic4b64.php]
[www.specialistsmod.net/media/videos2.html]
[web.archive.org/web/20111118132731fw_/http_/www.specialistsmod.net/media/videos2.html]
[web.archive.org/web/20071008034150/http_/www.specialistsmod.net/screen_pics/upd_24_3.jpg]
[web.archive.org/web/20071008034150im_/http_/www.specialistsmod.net/screen_pics/thumb_upd_24_3.jpg]
[web.archive.org/web/20071012023951/http_/www.specialistsmod.net/media/maps2.png]
[web.archive.org/web/20071008034150/http_/www.specialistsmod.net/screen_pics/upd_24_3.jpg]
[web.archive.org/web/20071012034117/http_/www.specialistsmod.net/links/pcg1.png]
[web.archive.org/web/20071012034117/http_/www.specialistsmod.net/links/holywars.png]
[web.archive.org/web/20071012034117/http_/www.specialistsmod.net/links/3dz.png]
[www.specialistsmod.net/screen_pics/upd_24_3.html]
[web.archive.org/web/20151008083727fw_/http_/www.specialistsmod.net/screen_pics/upd_24_3.html]
[web.archive.org/web/20151008083727fw_/http_/www.specialistsmod.net/screen_pics/upd_24_3.html]
